<?xml version="1.0" encoding="UTF-8"?>
<!-- Generated by org.testng.reporters.JUnitReportReporter -->
<testsuite skipped="0" hostname="Riaz" name="Capstone.AutomationPractice14.TextOfVerification" tests="4" failures="0" timestamp="2025-08-28T03:41:11 EDT" time="58.035" errors="0">
  <testcase name="signin" time="10.514" classname="Capstone.AutomationPractice14.TextOfVerification"/>
  <system-out/>
  <testcase name="signin" time="9.510" classname="Capstone.AutomationPractice14.TextOfVerification"/>
  <system-out/>
  <testcase name="f" time="18.608" classname="Capstone.AutomationPractice14.TextOfVerification"/>
  <system-out/>
  <testcase name="f" time="19.403" classname="Capstone.AutomationPractice14.TextOfVerification"/>
  <system-out/>
</testsuite> <!-- Capstone.AutomationPractice14.TextOfVerification -->
