<?xml version="1.0" encoding="UTF-8"?>
<!-- Generated by org.testng.reporters.JUnitReportReporter -->
<testsuite skipped="0" hostname="Riaz" name="Capstone.AutomationPractice14.Points" tests="6" failures="0" timestamp="2025-08-29T02:16:50 EDT" time="65.472" errors="0">
  <testcase name="f" time="11.072" classname="Capstone.AutomationPractice14.Points"/>
  <system-out/>
  <testcase name="f" time="11.841" classname="Capstone.AutomationPractice14.Points"/>
  <system-out/>
  <testcase name="f" time="10.199" classname="Capstone.AutomationPractice14.Points"/>
  <system-out/>
  <testcase name="f" time="11.024" classname="Capstone.AutomationPractice14.Points"/>
  <system-out/>
  <testcase name="f" time="11.023" classname="Capstone.AutomationPractice14.Points"/>
  <system-out/>
  <testcase name="f" time="10.313" classname="Capstone.AutomationPractice14.Points"/>
  <system-out/>
</testsuite> <!-- Capstone.AutomationPractice14.Points -->
