<?xml version="1.0" encoding="UTF-8"?>
<!-- Generated by org.testng.reporters.JUnitReportReporter -->
<testsuite skipped="0" hostname="Riaz" name="Capstone.AutomationPractice14.TestNGAnnotations" tests="2" failures="0" timestamp="2025-08-03T12:50:04 EDT" time="0.005" errors="0">
  <testcase name="f6" time="0.002" classname="Capstone.AutomationPractice14.TestNGAnnotations"/>
  <system-out/>
  <testcase name="f" time="0.003" classname="Capstone.AutomationPractice14.TestNGAnnotations"/>
  <system-out/>
</testsuite> <!-- Capstone.AutomationPractice14.TestNGAnnotations -->
