<?xml version="1.0" encoding="UTF-8"?>
<!-- Generated by org.testng.reporters.JUnitReportReporter -->
<testsuite skipped="0" hostname="Riaz" name="Capstone.AutomationPractice14.Property" tests="2" failures="0" timestamp="2025-08-29T03:03:23 EDT" time="21.806" errors="0">
  <testcase name="f" time="10.552" classname="Capstone.AutomationPractice14.Property"/>
  <system-out/>
  <testcase name="f" time="11.254" classname="Capstone.AutomationPractice14.Property"/>
  <system-out/>
</testsuite> <!-- Capstone.AutomationPractice14.Property -->
