<?xml version="1.0" encoding="UTF-8"?>
<!-- Generated by org.testng.reporters.JUnitReportReporter -->
<testsuite skipped="0" hostname="Riaz" name="Capstone.AutomationPractice14.SignToAmazon" tests="2" failures="0" timestamp="2025-08-28T03:41:11 EDT" time="27.192" errors="0">
  <testcase name="f" time="15.239" classname="Capstone.AutomationPractice14.SignToAmazon"/>
  <system-out/>
  <testcase name="f" time="11.953" classname="Capstone.AutomationPractice14.SignToAmazon"/>
  <system-out/>
</testsuite> <!-- Capstone.AutomationPractice14.SignToAmazon -->
